# JRE version: Java(TM) SE Runtime Environment (7.0_79-b15) (build 1.7.0_79-b15)
# Java VM: Java HotSpot(TM) Client VM (24.79-b02 mixed mode windows-x86 )
Heap
 def new generation   total 4928K, used 2169K [0x02c00000, 0x03150000, 0x08150000)
  eden space 4416K,  37% used [0x02c00000, 0x02d9e6c8, 0x03050000)
  from space 512K, 100% used [0x03050000, 0x030d0000, 0x030d0000)
  to   space 512K,   0% used [0x030d0000, 0x030d0000, 0x03150000)
 tenured generation   total 10944K, used 2034K [0x08150000, 0x08c00000, 0x12c00000)
   the space 10944K,  18% used [0x08150000, 0x0834c9c8, 0x0834ca00, 0x08c00000)
 compacting perm gen  total 12288K, used 5377K [0x12c00000, 0x13800000, 0x16c00000)
   the space 12288K,  43% used [0x12c00000, 0x13140648, 0x13140800, 0x13800000)
GC Heap History (4 events):
Event: 0.966 GC heap before
{Heap before GC invocations=0 (full 0):
 def new generation   total 4928K, used 4416K [0x02c00000, 0x03150000, 0x08150000)
  eden space 4416K, 100% used [0x02c00000, 0x03050000, 0x03050000)
  from space 512K,   0% used [0x03050000, 0x03050000, 0x030d0000)
  to   space 512K,   0% used [0x030d0000, 0x030d0000, 0x03150000)
 tenured generation   total 10944K, used 0K [0x08150000, 0x08c00000, 0x12c00000)
   the space 10944K,   0% used [0x08150000, 0x08150000, 0x08150200, 0x08c00000)
 compacting perm gen  total 12288K, used 3496K [0x12c00000, 0x13800000, 0x16c00000)
   the space 12288K,  28% used [0x12c00000, 0x12f6a2e0, 0x12f6a400, 0x13800000)
No shared spaces configured.
Event: 0.975 GC heap after
Heap after GC invocations=1 (full 0):
 def new generation   total 4928K, used 512K [0x02c00000, 0x03150000, 0x08150000)
  eden space 4416K,   0% used [0x02c00000, 0x02c00000, 0x03050000)
  from space 512K, 100% used [0x030d0000, 0x03150000, 0x03150000)
  to   space 512K,   0% used [0x03050000, 0x03050000, 0x030d0000)
 tenured generation   total 10944K, used 1077K [0x08150000, 0x08c00000, 0x12c00000)
   the space 10944K,   9% used [0x08150000, 0x0825d5e0, 0x0825d600, 0x08c00000)
 compacting perm gen  total 12288K, used 3496K [0x12c00000, 0x13800000, 0x16c00000)
   the space 12288K,  28% used [0x12c00000, 0x12f6a2e0, 0x12f6a400, 0x13800000)
No shared spaces configured.
}
Event: 1.429 GC heap before
{Heap before GC invocations=1 (full 0):
 def new generation   total 4928K, used 4911K [0x02c00000, 0x03150000, 0x08150000)
  eden space 4416K,  99% used [0x02c00000, 0x0304bc08, 0x03050000)
  from space 512K, 100% used [0x030d0000, 0x03150000, 0x03150000)
  to   space 512K,   0% used [0x03050000, 0x03050000, 0x030d0000)
 tenured generation   total 10944K, used 1077K [0x08150000, 0x08c00000, 0x12c00000)
   the space 10944K,   9% used [0x08150000, 0x0825d5e0, 0x0825d600, 0x08c00000)
 compacting perm gen  total 12288K, used 5018K [0x12c00000, 0x13800000, 0x16c00000)
   the space 12288K,  40% used [0x12c00000, 0x130e6a38, 0x130e6c00, 0x13800000)
No shared spaces configured.
Event: 1.440 GC heap after
Heap after GC invocations=2 (full 0):
 def new generation   total 4928K, used 512K [0x02c00000, 0x03150000, 0x08150000)
  eden space 4416K,   0% used [0x02c00000, 0x02c00000, 0x03050000)
  from space 512K, 100% used [0x03050000, 0x030d0000, 0x030d0000)
  to   space 512K,   0% used [0x030d0000, 0x030d0000, 0x03150000)
 tenured generation   total 10944K, used 2034K [0x08150000, 0x08c00000, 0x12c00000)
   the space 10944K,  18% used [0x08150000, 0x0834c9c8, 0x0834ca00, 0x08c00000)
 compacting perm gen  total 12288K, used 5018K [0x12c00000, 0x13800000, 0x16c00000)
   the space 12288K,  40% used [0x12c00000, 0x130e6a38, 0x130e6c00, 0x13800000)
No shared spaces configured.
}

